[2024-10-05T10:29:14.189+0000] {taskinstance.py:1979} INFO - Dependencies all met for dep_context=non-requeueable deps ti=<TaskInstance: EL.extract manual__2024-10-05T10:29:11.683708+00:00 [queued]>
[2024-10-05T10:29:14.211+0000] {taskinstance.py:1979} INFO - Dependencies all met for dep_context=requeueable deps ti=<TaskInstance: EL.extract manual__2024-10-05T10:29:11.683708+00:00 [queued]>
[2024-10-05T10:29:14.212+0000] {taskinstance.py:2193} INFO - Starting attempt 1 of 1
[2024-10-05T10:29:14.258+0000] {taskinstance.py:2214} INFO - Executing <Task(BashOperator): extract> on 2024-10-05 10:29:11.683708+00:00
[2024-10-05T10:29:14.268+0000] {standard_task_runner.py:60} INFO - Started process 211 to run task
[2024-10-05T10:29:14.275+0000] {standard_task_runner.py:87} INFO - Running: ['airflow', 'tasks', 'run', 'EL', 'extract', 'manual__2024-10-05T10:29:11.683708+00:00', '--job-id', '3', '--raw', '--subdir', 'DAGS_FOLDER/scrape_dag.py', '--cfg-path', '/tmp/tmp9aqlnxj7']
[2024-10-05T10:29:14.282+0000] {standard_task_runner.py:88} INFO - Job 3: Subtask extract
[2024-10-05T10:29:14.323+0000] {logging_mixin.py:188} WARNING - /home/airflow/.local/lib/python3.9/site-packages/airflow/settings.py:194 DeprecationWarning: The sql_alchemy_conn option in [core] has been moved to the sql_alchemy_conn option in [database] - the old setting has been used, but please update your config.
[2024-10-05T10:29:14.407+0000] {task_command.py:423} INFO - Running <TaskInstance: EL.extract manual__2024-10-05T10:29:11.683708+00:00 [running]> on host 7b14ee7321eb
[2024-10-05T10:29:14.564+0000] {taskinstance.py:2510} INFO - Exporting env vars: AIRFLOW_CTX_DAG_OWNER='bmw' AIRFLOW_CTX_DAG_ID='EL' AIRFLOW_CTX_TASK_ID='extract' AIRFLOW_CTX_EXECUTION_DATE='2024-10-05T10:29:11.683708+00:00' AIRFLOW_CTX_TRY_NUMBER='1' AIRFLOW_CTX_DAG_RUN_ID='manual__2024-10-05T10:29:11.683708+00:00'
[2024-10-05T10:29:14.566+0000] {subprocess.py:63} INFO - Tmp dir root location: /tmp
[2024-10-05T10:29:14.568+0000] {subprocess.py:75} INFO - Running command: ['/usr/bin/bash', '-c', 'xvfb-run --server-args="-screen 0 1920x1080x24" python3 /opt/airflow/scripts/scrape.py']
[2024-10-05T10:29:14.581+0000] {subprocess.py:86} INFO - Output:
[2024-10-05T10:29:15.744+0000] {subprocess.py:93} INFO - Traceback (most recent call last):
[2024-10-05T10:29:15.745+0000] {subprocess.py:93} INFO -   File "/opt/airflow/scripts/scrape.py", line 32, in <module>
[2024-10-05T10:29:15.748+0000] {subprocess.py:93} INFO -     driver = webdriver.Chrome(service=Service(ChromeDriverManager(version="129.0.6668.89").install()), options=chrome_options)
[2024-10-05T10:29:15.749+0000] {subprocess.py:93} INFO - TypeError: __init__() got an unexpected keyword argument 'version'
[2024-10-05T10:29:15.853+0000] {subprocess.py:97} INFO - Command exited with return code 1
[2024-10-05T10:29:15.866+0000] {taskinstance.py:2728} ERROR - Task failed with exception
Traceback (most recent call last):
  File "/home/airflow/.local/lib/python3.9/site-packages/airflow/models/taskinstance.py", line 444, in _execute_task
    result = _execute_callable(context=context, **execute_callable_kwargs)
  File "/home/airflow/.local/lib/python3.9/site-packages/airflow/models/taskinstance.py", line 414, in _execute_callable
    return execute_callable(context=context, **execute_callable_kwargs)
  File "/home/airflow/.local/lib/python3.9/site-packages/airflow/operators/bash.py", line 212, in execute
    raise AirflowException(
airflow.exceptions.AirflowException: Bash command failed. The command returned a non-zero exit code 1.
[2024-10-05T10:29:15.870+0000] {taskinstance.py:1149} INFO - Marking task as FAILED. dag_id=EL, task_id=extract, execution_date=20241005T102911, start_date=20241005T102914, end_date=20241005T102915
[2024-10-05T10:29:15.899+0000] {standard_task_runner.py:107} ERROR - Failed to execute job 3 for task extract (Bash command failed. The command returned a non-zero exit code 1.; 211)
[2024-10-05T10:29:15.943+0000] {local_task_job_runner.py:234} INFO - Task exited with return code 1
[2024-10-05T10:29:16.002+0000] {taskinstance.py:3309} INFO - 0 downstream tasks scheduled from follow-on schedule check
